<?xml version="1.0" encoding="UTF-8"?>
<testsuite xmlns:xsi="http://www.w3.org/2001/XMLSchema-instance" xsi:noNamespaceSchemaLocation="https://maven.apache.org/surefire/maven-surefire-plugin/xsd/surefire-test-report-3.0.xsd" version="3.0" name="TestRunner.TestRunner" time="68.574" tests="7" errors="1" skipped="0" failures="0">
  <properties>
[...]
</properties>
  <testcase name="Create a account and signin" classname="CreateAn Account" time="9.927">
    <error message="no such element: Unable to locate element: {&quot;method&quot;:&quot;xpath&quot;,&quot;selector&quot;:&quot;//span[@class=&apos;customer-name&apos;]/button&quot;}&#10;  (Session info: chrome=134.0.6998.89)&#10;For documentation on this error, please visit: https://www.selenium.dev/documentation/webdriver/troubleshooting/errors#no-such-element-exception&#10;Build info: version: &apos;4.25.0&apos;, revision: &apos;8a8aea2337&apos;&#10;System info: os.name: &apos;Windows 11&apos;, os.arch: &apos;amd64&apos;, os.version: &apos;10.0&apos;, java.version: &apos;23.0.2&apos;&#10;Driver info: org.openqa.selenium.chrome.ChromeDriver&#10;Command: [4e8bea124cd0d3885410f8eebe2f44f4, findElement {value=//span[@class=&apos;customer-name&apos;]/button, using=xpath}]&#10;Capabilities {acceptInsecureCerts: false, browserName: chrome, browserVersion: 134.0.6998.89, chrome: {chromedriverVersion: 134.0.6998.88 (7e3d5c978c6d..., userDataDir: C:\Users\Chelsi\AppData\Loc...}, fedcm:accounts: true, goog:chromeOptions: {debuggerAddress: localhost:64616}, networkConnectionEnabled: false, pageLoadStrategy: normal, platformName: windows, proxy: Proxy(), se:cdp: ws://localhost:64616/devtoo..., se:cdpVersion: 134.0.6998.89, setWindowRect: true, strictFileInteractability: false, timeouts: {implicit: 0, pageLoad: 300000, script: 30000}, unhandledPromptBehavior: dismiss and notify, webauthn:extension:credBlob: true, webauthn:extension:largeBlob: true, webauthn:extension:minPinLength: true, webauthn:extension:prf: true, webauthn:virtualAuthenticators: true}&#10;Session ID: 4e8bea124cd0d3885410f8eebe2f44f4" type="org.openqa.selenium.NoSuchElementException"><![CDATA[org.openqa.selenium.NoSuchElementException: 
no such element: Unable to locate element: {"method":"xpath","selector":"//span[@class='customer-name']/button"}
  (Session info: chrome=134.0.6998.89)
For documentation on this error, please visit: https://www.selenium.dev/documentation/webdriver/troubleshooting/errors#no-such-element-exception
Build info: version: '4.25.0', revision: '8a8aea2337'
System info: os.name: 'Windows 11', os.arch: 'amd64', os.version: '10.0', java.version: '23.0.2'
Driver info: org.openqa.selenium.chrome.ChromeDriver
Command: [4e8bea124cd0d3885410f8eebe2f44f4, findElement {value=//span[@class='customer-name']/button, using=xpath}]
Capabilities {acceptInsecureCerts: false, browserName: chrome, browserVersion: 134.0.6998.89, chrome: {chromedriverVersion: 134.0.6998.88 (7e3d5c978c6d..., userDataDir: C:\Users\Chelsi\AppData\Loc...}, fedcm:accounts: true, goog:chromeOptions: {debuggerAddress: localhost:64616}, networkConnectionEnabled: false, pageLoadStrategy: normal, platformName: windows, proxy: Proxy(), se:cdp: ws://localhost:64616/devtoo..., se:cdpVersion: 134.0.6998.89, setWindowRect: true, strictFileInteractability: false, timeouts: {implicit: 0, pageLoad: 300000, script: 30000}, unhandledPromptBehavior: dismiss and notify, webauthn:extension:credBlob: true, webauthn:extension:largeBlob: true, webauthn:extension:minPinLength: true, webauthn:extension:prf: true, webauthn:virtualAuthenticators: true}
Session ID: 4e8bea124cd0d3885410f8eebe2f44f4
	at java.base/jdk.internal.reflect.DirectConstructorHandleAccessor.newInstance(DirectConstructorHandleAccessor.java:62)
	at java.base/java.lang.reflect.Constructor.newInstanceWithCaller(Constructor.java:501)
	at java.base/java.lang.reflect.Constructor.newInstance(Constructor.java:485)
	at org.openqa.selenium.remote.ErrorCodec.decode(ErrorCodec.java:167)
	at org.openqa.selenium.remote.codec.w3c.W3CHttpResponseCodec.decode(W3CHttpResponseCodec.java:138)
	at org.openqa.selenium.remote.codec.w3c.W3CHttpResponseCodec.decode(W3CHttpResponseCodec.java:50)
	at org.openqa.selenium.remote.HttpCommandExecutor.execute(HttpCommandExecutor.java:190)
	at org.openqa.selenium.remote.service.DriverCommandExecutor.invokeExecute(DriverCommandExecutor.java:216)
	at org.openqa.selenium.remote.service.DriverCommandExecutor.execute(DriverCommandExecutor.java:174)
	at org.openqa.selenium.remote.RemoteWebDriver.execute(RemoteWebDriver.java:545)
	at org.openqa.selenium.remote.ElementLocation$ElementFinder$2.findElement(ElementLocation.java:165)
	at org.openqa.selenium.remote.ElementLocation.findElement(ElementLocation.java:59)
	at org.openqa.selenium.remote.RemoteWebDriver.findElement(RemoteWebDriver.java:368)
	at org.openqa.selenium.remote.RemoteWebDriver.findElement(RemoteWebDriver.java:362)
	at PageObjects.Home.Signout(Home.java:22)
	at StepDefinition.HomeStepDefinition.logout(HomeStepDefinition.java:27)
	at ✽.I logout from the website(file:///C:/Users/Chelsi/eclipse-workspace/IncuByteGit/src/test/resources/Features/CreateAccount.feature:10)
]]></error>
    <system-out><![CDATA[
Scenario Outline: Create a account and signin                                &amp#27;[90m# src/test/resources/Features/CreateAccount.feature:20&amp#27;[0m
  &amp#27;[32mGiven &amp#27;[0m&amp#27;[32mI am on the Launch page&amp#27;[0m                                              &amp#27;[90m# StepDefinition.LaunchStepDefinition.i_am_on_the_launch_page()&amp#27;[0m
  &amp#27;[32mWhen &amp#27;[0m&amp#27;[32mI click on CreateAnAccount&amp#27;[0m                                            &amp#27;[90m# StepDefinition.LaunchStepDefinition.i_click_on_CreateAccount()&amp#27;[0m
  &amp#27;[32mThen &amp#27;[0m&amp#27;[32mI should navigate to Account creation page&amp#27;[0m                            &amp#27;[90m# StepDefinition.CreateAccountStepDefinition.user_should_navigate_to_CreateAccount_page()&amp#27;[0m
  &amp#27;[32mWhen &amp#27;[0m&amp#27;[32mI Enter &amp#27;[0m&amp#27;[32m&amp#27;[1m"abc"&amp#27;[0m&amp#27;[32m,&amp#27;[0m&amp#27;[32m&amp#27;[1m"def"&amp#27;[0m&amp#27;[32m,&amp#27;[0m&amp#27;[32m&amp#27;[1m"abcd240@gmail.com"&amp#27;[0m&amp#27;[32m,&amp#27;[0m&amp#27;[32m&amp#27;[1m"P@ssw0rd.1"&amp#27;[0m&amp#27;[32m and &amp#27;[0m&amp#27;[32m&amp#27;[1m"P@ssw0rd.1"&amp#27;[0m &amp#27;[90m# StepDefinition.CreateAccountStepDefinition.FillFields(java.lang.String,java.lang.String,java.lang.String,java.lang.String,java.lang.String)&amp#27;[0m
  &amp#27;[32mAnd &amp#27;[0m&amp#27;[32mclick on create Account&amp#27;[0m                                                &amp#27;[90m# StepDefinition.CreateAccountStepDefinition.click_on_create_Account()&amp#27;[0m
  &amp#27;[32mThen &amp#27;[0m&amp#27;[32muser should navigate to home page&amp#27;[0m                                     &amp#27;[90m# StepDefinition.HomeStepDefinition.user_should_navigate_to_home_page()&amp#27;[0m
  &amp#27;[31mThen &amp#27;[0m&amp#27;[31mI logout from the website&amp#27;[0m                                             &amp#27;[90m# StepDefinition.HomeStepDefinition.logout()&amp#27;[0m
      &amp#27;[31morg.openqa.selenium.NoSuchElementException: no such element: Unable to locate element: {"method":"xpath","selector":"//span[@class='customer-name']/button"}
        (Session info: chrome=134.0.6998.89)
      For documentation on this error, please visit: https://www.selenium.dev/documentation/webdriver/troubleshooting/errors#no-such-element-exception
      Build info: version: '4.25.0', revision: '8a8aea2337'
      System info: os.name: 'Windows 11', os.arch: 'amd64', os.version: '10.0', java.version: '23.0.2'
      Driver info: org.openqa.selenium.chrome.ChromeDriver
      Command: [4e8bea124cd0d3885410f8eebe2f44f4, findElement {value=//span[@class='customer-name']/button, using=xpath}]
      Capabilities {acceptInsecureCerts: false, browserName: chrome, browserVersion: 134.0.6998.89, chrome: {chromedriverVersion: 134.0.6998.88 (7e3d5c978c6d..., userDataDir: C:\Users\Chelsi\AppData\Loc...}, fedcm:accounts: true, goog:chromeOptions: {debuggerAddress: localhost:64616}, networkConnectionEnabled: false, pageLoadStrategy: normal, platformName: windows, proxy: Proxy(), se:cdp: ws://localhost:64616/devtoo..., se:cdpVersion: 134.0.6998.89, setWindowRect: true, strictFileInteractability: false, timeouts: {implicit: 0, pageLoad: 300000, script: 30000}, unhandledPromptBehavior: dismiss and notify, webauthn:extension:credBlob: true, webauthn:extension:largeBlob: true, webauthn:extension:minPinLength: true, webauthn:extension:prf: true, webauthn:virtualAuthenticators: true}
      Session ID: 4e8bea124cd0d3885410f8eebe2f44f4
      	at java.base/jdk.internal.reflect.DirectConstructorHandleAccessor.newInstance(DirectConstructorHandleAccessor.java:62)
      	at java.base/java.lang.reflect.Constructor.newInstanceWithCaller(Constructor.java:501)
      	at java.base/java.lang.reflect.Constructor.newInstance(Constructor.java:485)
      	at org.openqa.selenium.remote.ErrorCodec.decode(ErrorCodec.java:167)
      	at org.openqa.selenium.remote.codec.w3c.W3CHttpResponseCodec.decode(W3CHttpResponseCodec.java:138)
      	at org.openqa.selenium.remote.codec.w3c.W3CHttpResponseCodec.decode(W3CHttpResponseCodec.java:50)
      	at org.openqa.selenium.remote.HttpCommandExecutor.execute(HttpCommandExecutor.java:190)
      	at org.openqa.selenium.remote.service.DriverCommandExecutor.invokeExecute(DriverCommandExecutor.java:216)
      	at org.openqa.selenium.remote.service.DriverCommandExecutor.execute(DriverCommandExecutor.java:174)
      	at org.openqa.selenium.remote.RemoteWebDriver.execute(RemoteWebDriver.java:545)
      	at org.openqa.selenium.remote.ElementLocation$ElementFinder$2.findElement(ElementLocation.java:165)
      	at org.openqa.selenium.remote.ElementLocation.findElement(ElementLocation.java:59)
      	at org.openqa.selenium.remote.RemoteWebDriver.findElement(RemoteWebDriver.java:368)
      	at org.openqa.selenium.remote.RemoteWebDriver.findElement(RemoteWebDriver.java:362)
      	at PageObjects.Home.Signout(Home.java:22)
      	at StepDefinition.HomeStepDefinition.logout(HomeStepDefinition.java:27)
      	at ✽.I logout from the website(file:///C:/Users/Chelsi/eclipse-workspace/IncuByteGit/src/test/resources/Features/CreateAccount.feature:10)&amp#27;[0m
  &amp#27;[36mThen &amp#27;[0m&amp#27;[36mI click on SignIn&amp#27;[0m                                                     &amp#27;[90m# StepDefinition.LaunchStepDefinition.signin()&amp#27;[0m
  &amp#27;[36mThen &amp#27;[0m&amp#27;[36mI should navigate to Login page&amp#27;[0m                                       &amp#27;[90m# StepDefinition.SignInStepDefinition.user_should_navigate_to_login_page()&amp#27;[0m
  &amp#27;[36mWhen &amp#27;[0m&amp#27;[36mI enter &amp#27;[0m&amp#27;[36m&amp#27;[1m"abcd240@gmail.com"&amp#27;[0m&amp#27;[36m and &amp#27;[0m&amp#27;[36m&amp#27;[1m"P@ssw0rd.1"&amp#27;[0m                          &amp#27;[90m# StepDefinition.SignInStepDefinition.i_enter_and(java.lang.String,java.lang.String)&amp#27;[0m
  &amp#27;[36mAnd &amp#27;[0m&amp#27;[36mClick on Signin&amp#27;[0m                                                        &amp#27;[90m# StepDefinition.SignInStepDefinition.click_on_signin()&amp#27;[0m
  &amp#27;[36mThen &amp#27;[0m&amp#27;[36muser should navigate to home page&amp#27;[0m                                     &amp#27;[90m# StepDefinition.HomeStepDefinition.user_should_navigate_to_home_page()&amp#27;[0m
  &amp#27;[36mThen &amp#27;[0m&amp#27;[36mI close the browser&amp#27;[0m                                                   &amp#27;[90m# StepDefinition.DriverDefinition.close_broswer()&amp#27;[0m
]]></system-out>
    <system-err><![CDATA[Mar 17, 2025 12:45:45 AM org.openqa.selenium.devtools.CdpVersionFinder findNearestMatch
WARNING: Unable to find CDP implementation matching 134
Mar 17, 2025 12:45:45 AM org.openqa.selenium.chromium.ChromiumDriver lambda$new$5
WARNING: Unable to find version of CDP to use for 134.0.6998.89. You may need to include a dependency on a specific version of the CDP using something similar to `org.seleniumhq.selenium:selenium-devtools-v86:4.25.0` where the version ("v86") matches the version of the chromium-based browser you're using and the version number of the artifact is the same as Selenium's.
]]></system-err>
  </testcase>
  <testcase name="Create a account with consumed data" classname="CreateAn Account" time="9.992">
    <system-out><![CDATA[
Scenario Outline: Create a account with consumed data                        &amp#27;[90m# src/test/resources/Features/CreateAccount.feature:33&amp#27;[0m
  &amp#27;[32mGiven &amp#27;[0m&amp#27;[32mI am on the Launch page&amp#27;[0m                                              &amp#27;[90m# StepDefinition.LaunchStepDefinition.i_am_on_the_launch_page()&amp#27;[0m
  &amp#27;[32mWhen &amp#27;[0m&amp#27;[32mI click on CreateAnAccount&amp#27;[0m                                            &amp#27;[90m# StepDefinition.LaunchStepDefinition.i_click_on_CreateAccount()&amp#27;[0m
  &amp#27;[32mThen &amp#27;[0m&amp#27;[32mI should navigate to Account creation page&amp#27;[0m                            &amp#27;[90m# StepDefinition.CreateAccountStepDefinition.user_should_navigate_to_CreateAccount_page()&amp#27;[0m
  &amp#27;[32mWhen &amp#27;[0m&amp#27;[32mI Enter &amp#27;[0m&amp#27;[32m&amp#27;[1m"abc"&amp#27;[0m&amp#27;[32m,&amp#27;[0m&amp#27;[32m&amp#27;[1m"def"&amp#27;[0m&amp#27;[32m,&amp#27;[0m&amp#27;[32m&amp#27;[1m"abcd240@gmail.com"&amp#27;[0m&amp#27;[32m,&amp#27;[0m&amp#27;[32m&amp#27;[1m"P@ssw0rd.1"&amp#27;[0m&amp#27;[32m and &amp#27;[0m&amp#27;[32m&amp#27;[1m"P@ssw0rd.1"&amp#27;[0m &amp#27;[90m# StepDefinition.CreateAccountStepDefinition.FillFields(java.lang.String,java.lang.String,java.lang.String,java.lang.String,java.lang.String)&amp#27;[0m
  &amp#27;[32mAnd &amp#27;[0m&amp#27;[32mclick on create Account&amp#27;[0m                                                &amp#27;[90m# StepDefinition.CreateAccountStepDefinition.click_on_create_Account()&amp#27;[0m
  &amp#27;[32mThen &amp#27;[0m&amp#27;[32mthe error message should say account exsists&amp#27;[0m                          &amp#27;[90m# StepDefinition.CreateAccountStepDefinition.error()&amp#27;[0m
  &amp#27;[32mThen &amp#27;[0m&amp#27;[32mI close the browser&amp#27;[0m                                                   &amp#27;[90m# StepDefinition.DriverDefinition.close_broswer()&amp#27;[0m
]]></system-out>
    <system-err><![CDATA[Mar 17, 2025 12:45:55 AM org.openqa.selenium.devtools.CdpVersionFinder findNearestMatch
WARNING: Unable to find CDP implementation matching 134
Mar 17, 2025 12:45:55 AM org.openqa.selenium.chromium.ChromiumDriver lambda$new$5
WARNING: Unable to find version of CDP to use for 134.0.6998.89. You may need to include a dependency on a specific version of the CDP using something similar to `org.seleniumhq.selenium:selenium-devtools-v86:4.25.0` where the version ("v86") matches the version of the chromium-based browser you're using and the version number of the artifact is the same as Selenium's.
Mar 17, 2025 12:46:03 AM org.openqa.selenium.remote.http.WebSocket$Listener onError
WARNING: Connection reset
java.net.SocketException: Connection reset
	at java.base/sun.nio.ch.SocketChannelImpl.throwConnectionReset(SocketChannelImpl.java:403)
	at java.base/sun.nio.ch.SocketChannelImpl.implRead(SocketChannelImpl.java:435)
	at java.base/sun.nio.ch.SocketChannelImpl.read(SocketChannelImpl.java:493)
	at java.net.http/jdk.internal.net.http.SocketTube.readAvailable(SocketTube.java:1178)
	at java.net.http/jdk.internal.net.http.SocketTube$InternalReadPublisher$InternalReadSubscription.read(SocketTube.java:841)
	at java.net.http/jdk.internal.net.http.SocketTube$SocketFlowTask.run(SocketTube.java:181)
	at java.net.http/jdk.internal.net.http.common.SequentialScheduler$SchedulableTask.run(SequentialScheduler.java:207)
	at java.net.http/jdk.internal.net.http.common.SequentialScheduler.runOrSchedule(SequentialScheduler.java:280)
	at java.net.http/jdk.internal.net.http.common.SequentialScheduler.runOrSchedule(SequentialScheduler.java:233)
	at java.net.http/jdk.internal.net.http.SocketTube$InternalReadPublisher$InternalReadSubscription.signalReadable(SocketTube.java:782)
	at java.net.http/jdk.internal.net.http.SocketTube$InternalReadPublisher$ReadEvent.signalEvent(SocketTube.java:965)
	at java.net.http/jdk.internal.net.http.SocketTube$SocketFlowEvent.handle(SocketTube.java:253)
	at java.net.http/jdk.internal.net.http.HttpClientImpl$SelectorManager.handleEvent(HttpClientImpl.java:1478)
	at java.net.http/jdk.internal.net.http.HttpClientImpl$SelectorManager.lambda$run$3(HttpClientImpl.java:1423)
	at java.base/java.util.ArrayList.forEach(ArrayList.java:1597)
	at java.net.http/jdk.internal.net.http.HttpClientImpl$SelectorManager.run(HttpClientImpl.java:1423)

]]></system-err>
  </testcase>
  <testcase name="Create a account with Fresh data" classname="CreateAn Account" time="9.675">
    <system-out><![CDATA[
Scenario Outline: Create a account with Fresh data                            &amp#27;[90m# src/test/resources/Features/CreateAccount.feature:46&amp#27;[0m
  &amp#27;[32mGiven &amp#27;[0m&amp#27;[32mI am on the Launch page&amp#27;[0m                                               &amp#27;[90m# StepDefinition.LaunchStepDefinition.i_am_on_the_launch_page()&amp#27;[0m
  &amp#27;[32mWhen &amp#27;[0m&amp#27;[32mI click on CreateAnAccount&amp#27;[0m                                             &amp#27;[90m# StepDefinition.LaunchStepDefinition.i_click_on_CreateAccount()&amp#27;[0m
  &amp#27;[32mThen &amp#27;[0m&amp#27;[32mI should navigate to Account creation page&amp#27;[0m                             &amp#27;[90m# StepDefinition.CreateAccountStepDefinition.user_should_navigate_to_CreateAccount_page()&amp#27;[0m
  &amp#27;[32mWhen &amp#27;[0m&amp#27;[32mI Enter &amp#27;[0m&amp#27;[32m&amp#27;[1m"abc"&amp#27;[0m&amp#27;[32m,&amp#27;[0m&amp#27;[32m&amp#27;[1m"def"&amp#27;[0m&amp#27;[32m,&amp#27;[0m&amp#27;[32m&amp#27;[1m"abcd2480@gmail.com"&amp#27;[0m&amp#27;[32m,&amp#27;[0m&amp#27;[32m&amp#27;[1m"P@ssw0rd.1"&amp#27;[0m&amp#27;[32m and &amp#27;[0m&amp#27;[32m&amp#27;[1m"P@ssw0rd.1"&amp#27;[0m &amp#27;[90m# StepDefinition.CreateAccountStepDefinition.FillFields(java.lang.String,java.lang.String,java.lang.String,java.lang.String,java.lang.String)&amp#27;[0m
  &amp#27;[32mAnd &amp#27;[0m&amp#27;[32mclick on create Account&amp#27;[0m                                                 &amp#27;[90m# StepDefinition.CreateAccountStepDefinition.click_on_create_Account()&amp#27;[0m
  &amp#27;[32mThen &amp#27;[0m&amp#27;[32muser should navigate to home page&amp#27;[0m                                      &amp#27;[90m# StepDefinition.HomeStepDefinition.user_should_navigate_to_home_page()&amp#27;[0m
  &amp#27;[32mThen &amp#27;[0m&amp#27;[32mI close the browser&amp#27;[0m                                                    &amp#27;[90m# StepDefinition.DriverDefinition.close_broswer()&amp#27;[0m
]]></system-out>
    <system-err><![CDATA[Mar 17, 2025 12:46:04 AM org.openqa.selenium.devtools.CdpVersionFinder findNearestMatch
WARNING: Unable to find CDP implementation matching 134
Mar 17, 2025 12:46:04 AM org.openqa.selenium.chromium.ChromiumDriver lambda$new$5
WARNING: Unable to find version of CDP to use for 134.0.6998.89. You may need to include a dependency on a specific version of the CDP using something similar to `org.seleniumhq.selenium:selenium-devtools-v86:4.25.0` where the version ("v86") matches the version of the chromium-based browser you're using and the version number of the artifact is the same as Selenium's.
Mar 17, 2025 12:46:12 AM org.openqa.selenium.remote.http.WebSocket$Listener onError
WARNING: Connection reset
java.net.SocketException: Connection reset
	at java.base/sun.nio.ch.SocketChannelImpl.throwConnectionReset(SocketChannelImpl.java:403)
	at java.base/sun.nio.ch.SocketChannelImpl.implRead(SocketChannelImpl.java:435)
	at java.base/sun.nio.ch.SocketChannelImpl.read(SocketChannelImpl.java:493)
	at java.net.http/jdk.internal.net.http.SocketTube.readAvailable(SocketTube.java:1178)
	at java.net.http/jdk.internal.net.http.SocketTube$InternalReadPublisher$InternalReadSubscription.read(SocketTube.java:841)
	at java.net.http/jdk.internal.net.http.SocketTube$SocketFlowTask.run(SocketTube.java:181)
	at java.net.http/jdk.internal.net.http.common.SequentialScheduler$SchedulableTask.run(SequentialScheduler.java:207)
	at java.net.http/jdk.internal.net.http.common.SequentialScheduler.runOrSchedule(SequentialScheduler.java:280)
	at java.net.http/jdk.internal.net.http.common.SequentialScheduler.runOrSchedule(SequentialScheduler.java:233)
	at java.net.http/jdk.internal.net.http.SocketTube$InternalReadPublisher$InternalReadSubscription.signalReadable(SocketTube.java:782)
	at java.net.http/jdk.internal.net.http.SocketTube$InternalReadPublisher$ReadEvent.signalEvent(SocketTube.java:965)
	at java.net.http/jdk.internal.net.http.SocketTube$SocketFlowEvent.handle(SocketTube.java:253)
	at java.net.http/jdk.internal.net.http.HttpClientImpl$SelectorManager.handleEvent(HttpClientImpl.java:1478)
	at java.net.http/jdk.internal.net.http.HttpClientImpl$SelectorManager.lambda$run$3(HttpClientImpl.java:1423)
	at java.base/java.util.ArrayList.forEach(ArrayList.java:1597)
	at java.net.http/jdk.internal.net.http.HttpClientImpl$SelectorManager.run(HttpClientImpl.java:1423)

]]></system-err>
  </testcase>
  <testcase name="Verify Valid credentials" classname="SignIn" time="10.548">
    <system-out><![CDATA[
Scenario: Verify Valid credentials                   &amp#27;[90m# src/test/resources/Features/SignIn.feature:3&amp#27;[0m
  &amp#27;[32mGiven &amp#27;[0m&amp#27;[32mI am on the Launch page&amp#27;[0m                      &amp#27;[90m# StepDefinition.LaunchStepDefinition.i_am_on_the_launch_page()&amp#27;[0m
  &amp#27;[32mWhen &amp#27;[0m&amp#27;[32mI click on SignIn&amp#27;[0m                             &amp#27;[90m# StepDefinition.LaunchStepDefinition.signin()&amp#27;[0m
  &amp#27;[32mThen &amp#27;[0m&amp#27;[32mI should navigate to Login page&amp#27;[0m               &amp#27;[90m# StepDefinition.SignInStepDefinition.user_should_navigate_to_login_page()&amp#27;[0m
  &amp#27;[32mWhen &amp#27;[0m&amp#27;[32mI enter &amp#27;[0m&amp#27;[32m&amp#27;[1m'test2409@gmail.com'&amp#27;[0m&amp#27;[32m and &amp#27;[0m&amp#27;[32m&amp#27;[1m'P@ssw0rd.1'&amp#27;[0m &amp#27;[90m# StepDefinition.SignInStepDefinition.i_enter_and(java.lang.String,java.lang.String)&amp#27;[0m
  &amp#27;[32mAnd &amp#27;[0m&amp#27;[32mClick on Signin&amp#27;[0m                                &amp#27;[90m# StepDefinition.SignInStepDefinition.click_on_signin()&amp#27;[0m
  &amp#27;[32mThen &amp#27;[0m&amp#27;[32muser should navigate to home page&amp#27;[0m             &amp#27;[90m# StepDefinition.HomeStepDefinition.user_should_navigate_to_home_page()&amp#27;[0m
  &amp#27;[32mAnd &amp#27;[0m&amp#27;[32mI close the browser&amp#27;[0m                            &amp#27;[90m# StepDefinition.DriverDefinition.close_broswer()&amp#27;[0m
]]></system-out>
    <system-err><![CDATA[Mar 17, 2025 12:46:14 AM org.openqa.selenium.devtools.CdpVersionFinder findNearestMatch
WARNING: Unable to find CDP implementation matching 134
Mar 17, 2025 12:46:14 AM org.openqa.selenium.chromium.ChromiumDriver lambda$new$5
WARNING: Unable to find version of CDP to use for 134.0.6998.89. You may need to include a dependency on a specific version of the CDP using something similar to `org.seleniumhq.selenium:selenium-devtools-v86:4.25.0` where the version ("v86") matches the version of the chromium-based browser you're using and the version number of the artifact is the same as Selenium's.
Mar 17, 2025 12:46:23 AM org.openqa.selenium.remote.http.WebSocket$Listener onError
WARNING: Connection reset
java.net.SocketException: Connection reset
	at java.base/sun.nio.ch.SocketChannelImpl.throwConnectionReset(SocketChannelImpl.java:403)
	at java.base/sun.nio.ch.SocketChannelImpl.implRead(SocketChannelImpl.java:435)
	at java.base/sun.nio.ch.SocketChannelImpl.read(SocketChannelImpl.java:493)
	at java.net.http/jdk.internal.net.http.SocketTube.readAvailable(SocketTube.java:1178)
	at java.net.http/jdk.internal.net.http.SocketTube$InternalReadPublisher$InternalReadSubscription.read(SocketTube.java:841)
	at java.net.http/jdk.internal.net.http.SocketTube$SocketFlowTask.run(SocketTube.java:181)
	at java.net.http/jdk.internal.net.http.common.SequentialScheduler$SchedulableTask.run(SequentialScheduler.java:207)
	at java.net.http/jdk.internal.net.http.common.SequentialScheduler.runOrSchedule(SequentialScheduler.java:280)
	at java.net.http/jdk.internal.net.http.common.SequentialScheduler.runOrSchedule(SequentialScheduler.java:233)
	at java.net.http/jdk.internal.net.http.SocketTube$InternalReadPublisher$InternalReadSubscription.signalReadable(SocketTube.java:782)
	at java.net.http/jdk.internal.net.http.SocketTube$InternalReadPublisher$ReadEvent.signalEvent(SocketTube.java:965)
	at java.net.http/jdk.internal.net.http.SocketTube$SocketFlowEvent.handle(SocketTube.java:253)
	at java.net.http/jdk.internal.net.http.HttpClientImpl$SelectorManager.handleEvent(HttpClientImpl.java:1478)
	at java.net.http/jdk.internal.net.http.HttpClientImpl$SelectorManager.lambda$run$3(HttpClientImpl.java:1423)
	at java.base/java.util.ArrayList.forEach(ArrayList.java:1597)
	at java.net.http/jdk.internal.net.http.HttpClientImpl$SelectorManager.run(HttpClientImpl.java:1423)

]]></system-err>
  </testcase>
  <testcase name="Verify InValid Credentials #1" classname="SignIn" time="9.189">
    <system-out><![CDATA[
Scenario Outline: Verify InValid Credentials      &amp#27;[90m# src/test/resources/Features/SignIn.feature:24&amp#27;[0m
  &amp#27;[32mGiven &amp#27;[0m&amp#27;[32mI am on the Launch page&amp#27;[0m                   &amp#27;[90m# StepDefinition.LaunchStepDefinition.i_am_on_the_launch_page()&amp#27;[0m
  &amp#27;[32mWhen &amp#27;[0m&amp#27;[32mI click on SignIn&amp#27;[0m                          &amp#27;[90m# StepDefinition.LaunchStepDefinition.signin()&amp#27;[0m
  &amp#27;[32mThen &amp#27;[0m&amp#27;[32mI should navigate to Login page&amp#27;[0m            &amp#27;[90m# StepDefinition.SignInStepDefinition.user_should_navigate_to_login_page()&amp#27;[0m
  &amp#27;[32mWhen &amp#27;[0m&amp#27;[32mI enter &amp#27;[0m&amp#27;[32m&amp#27;[1m"ahdis@gmail.com"&amp#27;[0m&amp#27;[32m and &amp#27;[0m&amp#27;[32m&amp#27;[1m"P@ssw0rd.1"&amp#27;[0m &amp#27;[90m# StepDefinition.SignInStepDefinition.i_enter_and(java.lang.String,java.lang.String)&amp#27;[0m
  &amp#27;[32mAnd &amp#27;[0m&amp#27;[32mClick on Signin&amp#27;[0m                             &amp#27;[90m# StepDefinition.SignInStepDefinition.click_on_signin()&amp#27;[0m
  &amp#27;[32mThen &amp#27;[0m&amp#27;[32mthe error message should be displayed&amp#27;[0m      &amp#27;[90m# StepDefinition.SignInStepDefinition.the_error_message_should_be_displayed()&amp#27;[0m
  &amp#27;[32mAnd &amp#27;[0m&amp#27;[32mI close the browser&amp#27;[0m                         &amp#27;[90m# StepDefinition.DriverDefinition.close_broswer()&amp#27;[0m
]]></system-out>
    <system-err><![CDATA[Mar 17, 2025 12:46:25 AM org.openqa.selenium.devtools.CdpVersionFinder findNearestMatch
WARNING: Unable to find CDP implementation matching 134
Mar 17, 2025 12:46:25 AM org.openqa.selenium.chromium.ChromiumDriver lambda$new$5
WARNING: Unable to find version of CDP to use for 134.0.6998.89. You may need to include a dependency on a specific version of the CDP using something similar to `org.seleniumhq.selenium:selenium-devtools-v86:4.25.0` where the version ("v86") matches the version of the chromium-based browser you're using and the version number of the artifact is the same as Selenium's.
Mar 17, 2025 12:46:32 AM org.openqa.selenium.remote.http.WebSocket$Listener onError
WARNING: Connection reset
java.net.SocketException: Connection reset
	at java.base/sun.nio.ch.SocketChannelImpl.throwConnectionReset(SocketChannelImpl.java:403)
	at java.base/sun.nio.ch.SocketChannelImpl.implRead(SocketChannelImpl.java:435)
	at java.base/sun.nio.ch.SocketChannelImpl.read(SocketChannelImpl.java:493)
	at java.net.http/jdk.internal.net.http.SocketTube.readAvailable(SocketTube.java:1178)
	at java.net.http/jdk.internal.net.http.SocketTube$InternalReadPublisher$InternalReadSubscription.read(SocketTube.java:841)
	at java.net.http/jdk.internal.net.http.SocketTube$SocketFlowTask.run(SocketTube.java:181)
	at java.net.http/jdk.internal.net.http.common.SequentialScheduler$SchedulableTask.run(SequentialScheduler.java:207)
	at java.net.http/jdk.internal.net.http.common.SequentialScheduler.runOrSchedule(SequentialScheduler.java:280)
	at java.net.http/jdk.internal.net.http.common.SequentialScheduler.runOrSchedule(SequentialScheduler.java:233)
	at java.net.http/jdk.internal.net.http.SocketTube$InternalReadPublisher$InternalReadSubscription.signalReadable(SocketTube.java:782)
	at java.net.http/jdk.internal.net.http.SocketTube$InternalReadPublisher$ReadEvent.signalEvent(SocketTube.java:965)
	at java.net.http/jdk.internal.net.http.SocketTube$SocketFlowEvent.handle(SocketTube.java:253)
	at java.net.http/jdk.internal.net.http.HttpClientImpl$SelectorManager.handleEvent(HttpClientImpl.java:1478)
	at java.net.http/jdk.internal.net.http.HttpClientImpl$SelectorManager.lambda$run$3(HttpClientImpl.java:1423)
	at java.base/java.util.ArrayList.forEach(ArrayList.java:1597)
	at java.net.http/jdk.internal.net.http.HttpClientImpl$SelectorManager.run(HttpClientImpl.java:1423)

]]></system-err>
  </testcase>
  <testcase name="Verify InValid Credentials #2" classname="SignIn" time="9.911">
    <system-out><![CDATA[
Scenario Outline: Verify InValid Credentials          &amp#27;[90m# src/test/resources/Features/SignIn.feature:25&amp#27;[0m
  &amp#27;[32mGiven &amp#27;[0m&amp#27;[32mI am on the Launch page&amp#27;[0m                       &amp#27;[90m# StepDefinition.LaunchStepDefinition.i_am_on_the_launch_page()&amp#27;[0m
  &amp#27;[32mWhen &amp#27;[0m&amp#27;[32mI click on SignIn&amp#27;[0m                              &amp#27;[90m# StepDefinition.LaunchStepDefinition.signin()&amp#27;[0m
  &amp#27;[32mThen &amp#27;[0m&amp#27;[32mI should navigate to Login page&amp#27;[0m                &amp#27;[90m# StepDefinition.SignInStepDefinition.user_should_navigate_to_login_page()&amp#27;[0m
  &amp#27;[32mWhen &amp#27;[0m&amp#27;[32mI enter &amp#27;[0m&amp#27;[32m&amp#27;[1m"test2409@gmail.com"&amp#27;[0m&amp#27;[32m and &amp#27;[0m&amp#27;[32m&amp#27;[1m"abcjshdhgeu"&amp#27;[0m &amp#27;[90m# StepDefinition.SignInStepDefinition.i_enter_and(java.lang.String,java.lang.String)&amp#27;[0m
  &amp#27;[32mAnd &amp#27;[0m&amp#27;[32mClick on Signin&amp#27;[0m                                 &amp#27;[90m# StepDefinition.SignInStepDefinition.click_on_signin()&amp#27;[0m
  &amp#27;[32mThen &amp#27;[0m&amp#27;[32mthe error message should be displayed&amp#27;[0m          &amp#27;[90m# StepDefinition.SignInStepDefinition.the_error_message_should_be_displayed()&amp#27;[0m
  &amp#27;[32mAnd &amp#27;[0m&amp#27;[32mI close the browser&amp#27;[0m                             &amp#27;[90m# StepDefinition.DriverDefinition.close_broswer()&amp#27;[0m
]]></system-out>
    <system-err><![CDATA[Mar 17, 2025 12:46:35 AM org.openqa.selenium.devtools.CdpVersionFinder findNearestMatch
WARNING: Unable to find CDP implementation matching 134
Mar 17, 2025 12:46:35 AM org.openqa.selenium.chromium.ChromiumDriver lambda$new$5
WARNING: Unable to find version of CDP to use for 134.0.6998.89. You may need to include a dependency on a specific version of the CDP using something similar to `org.seleniumhq.selenium:selenium-devtools-v86:4.25.0` where the version ("v86") matches the version of the chromium-based browser you're using and the version number of the artifact is the same as Selenium's.
]]></system-err>
  </testcase>
  <testcase name="Verify InValid Credentials #3" classname="SignIn" time="8.674">
    <system-out><![CDATA[
Scenario Outline: Verify InValid Credentials       &amp#27;[90m# src/test/resources/Features/SignIn.feature:26&amp#27;[0m
  &amp#27;[32mGiven &amp#27;[0m&amp#27;[32mI am on the Launch page&amp#27;[0m                    &amp#27;[90m# StepDefinition.LaunchStepDefinition.i_am_on_the_launch_page()&amp#27;[0m
  &amp#27;[32mWhen &amp#27;[0m&amp#27;[32mI click on SignIn&amp#27;[0m                           &amp#27;[90m# StepDefinition.LaunchStepDefinition.signin()&amp#27;[0m
  &amp#27;[32mThen &amp#27;[0m&amp#27;[32mI should navigate to Login page&amp#27;[0m             &amp#27;[90m# StepDefinition.SignInStepDefinition.user_should_navigate_to_login_page()&amp#27;[0m
  &amp#27;[32mWhen &amp#27;[0m&amp#27;[32mI enter &amp#27;[0m&amp#27;[32m&amp#27;[1m"ahdis@gmail.com"&amp#27;[0m&amp#27;[32m and &amp#27;[0m&amp#27;[32m&amp#27;[1m"abcjshdhgeu"&amp#27;[0m &amp#27;[90m# StepDefinition.SignInStepDefinition.i_enter_and(java.lang.String,java.lang.String)&amp#27;[0m
  &amp#27;[32mAnd &amp#27;[0m&amp#27;[32mClick on Signin&amp#27;[0m                              &amp#27;[90m# StepDefinition.SignInStepDefinition.click_on_signin()&amp#27;[0m
  &amp#27;[32mThen &amp#27;[0m&amp#27;[32mthe error message should be displayed&amp#27;[0m       &amp#27;[90m# StepDefinition.SignInStepDefinition.the_error_message_should_be_displayed()&amp#27;[0m
  &amp#27;[32mAnd &amp#27;[0m&amp#27;[32mI close the browser&amp#27;[0m                          &amp#27;[90m# StepDefinition.DriverDefinition.close_broswer()&amp#27;[0m
]]></system-out>
    <system-err><![CDATA[Mar 17, 2025 12:46:44 AM org.openqa.selenium.devtools.CdpVersionFinder findNearestMatch
WARNING: Unable to find CDP implementation matching 134
Mar 17, 2025 12:46:44 AM org.openqa.selenium.chromium.ChromiumDriver lambda$new$5
WARNING: Unable to find version of CDP to use for 134.0.6998.89. You may need to include a dependency on a specific version of the CDP using something similar to `org.seleniumhq.selenium:selenium-devtools-v86:4.25.0` where the version ("v86") matches the version of the chromium-based browser you're using and the version number of the artifact is the same as Selenium's.
Mar 17, 2025 12:46:51 AM org.openqa.selenium.remote.http.WebSocket$Listener onError
WARNING: Connection reset
java.net.SocketException: Connection reset
	at java.base/sun.nio.ch.SocketChannelImpl.throwConnectionReset(SocketChannelImpl.java:403)
	at java.base/sun.nio.ch.SocketChannelImpl.implRead(SocketChannelImpl.java:435)
	at java.base/sun.nio.ch.SocketChannelImpl.read(SocketChannelImpl.java:493)
	at java.net.http/jdk.internal.net.http.SocketTube.readAvailable(SocketTube.java:1178)
	at java.net.http/jdk.internal.net.http.SocketTube$InternalReadPublisher$InternalReadSubscription.read(SocketTube.java:841)
	at java.net.http/jdk.internal.net.http.SocketTube$SocketFlowTask.run(SocketTube.java:181)
	at java.net.http/jdk.internal.net.http.common.SequentialScheduler$SchedulableTask.run(SequentialScheduler.java:207)
	at java.net.http/jdk.internal.net.http.common.SequentialScheduler.runOrSchedule(SequentialScheduler.java:280)
	at java.net.http/jdk.internal.net.http.common.SequentialScheduler.runOrSchedule(SequentialScheduler.java:233)
	at java.net.http/jdk.internal.net.http.SocketTube$InternalReadPublisher$InternalReadSubscription.signalReadable(SocketTube.java:782)
	at java.net.http/jdk.internal.net.http.SocketTube$InternalReadPublisher$ReadEvent.signalEvent(SocketTube.java:965)
	at java.net.http/jdk.internal.net.http.SocketTube$SocketFlowEvent.handle(SocketTube.java:253)
	at java.net.http/jdk.internal.net.http.HttpClientImpl$SelectorManager.handleEvent(HttpClientImpl.java:1478)
	at java.net.http/jdk.internal.net.http.HttpClientImpl$SelectorManager.lambda$run$3(HttpClientImpl.java:1423)
	at java.base/java.util.ArrayList.forEach(ArrayList.java:1597)
	at java.net.http/jdk.internal.net.http.HttpClientImpl$SelectorManager.run(HttpClientImpl.java:1423)

]]></system-err>
  </testcase>
</testsuite>